<?xml version="1.0" encoding="UTF-8"?>
<!-- Generated by org.testng.reporters.JUnitReportReporter -->
<testsuite hostname="DESKTOP-UPR3K5E" failures="0" tests="4" name="Tests.Cart_Test" time="564.355" errors="0" timestamp="2024-02-22T04:28:18 BDT" skipped="0">
  <testcase classname="Tests.Cart_Test" name="TCM_001" time="64.027"/>
  <system-out/>
  <testcase classname="Tests.Cart_Test" name="TCM_002" time="168.024"/>
  <system-out/>
  <testcase classname="Tests.Cart_Test" name="TCM_002" time="165.878"/>
  <system-out/>
  <testcase classname="Tests.Cart_Test" name="TCM_002" time="166.426"/>
  <system-out/>
</testsuite> <!-- Tests.Cart_Test -->
