<?xml version="1.0" encoding="UTF-8"?>
<!-- Generated by org.testng.reporters.JUnitReportReporter -->
<testsuite hostname="DESKTOP-UPR3K5E" failures="0" tests="4" name="Tests.Cart_Test" time="570.139" errors="0" timestamp="2024-02-22T08:34:35 BDT" skipped="0">
  <testcase classname="Tests.Cart_Test" name="TCM_001" time="68.133"/>
  <system-out/>
  <testcase classname="Tests.Cart_Test" name="TCM_002" time="164.173"/>
  <system-out/>
  <testcase classname="Tests.Cart_Test" name="TCM_002" time="168.429"/>
  <system-out/>
  <testcase classname="Tests.Cart_Test" name="TCM_002" time="169.404"/>
  <system-out/>
</testsuite> <!-- Tests.Cart_Test -->
