<?xml version="1.0" encoding="UTF-8"?>
<!-- Generated by org.testng.reporters.JUnitReportReporter -->
<testsuite hostname="DESKTOP-UPR3K5E" failures="0" tests="1" name="BaseTest.BaseTest" time="0.007" errors="0" timestamp="2024-02-21T01:20:21 BDT" skipped="0">
  <testcase classname="BaseTest.BaseTest" name="f" time="0.007"/>
  <system-out/>
</testsuite> <!-- BaseTest.BaseTest -->
