<?xml version="1.0" encoding="UTF-8"?>
<!-- Generated by org.testng.reporters.JUnitReportReporter -->
<testsuite hostname="DESKTOP-UPR3K5E" failures="0" tests="4" name="Tests.Cart_Test" time="372.464" errors="0" timestamp="2024-02-22T20:25:58 BDT" skipped="0">
  <testcase classname="Tests.Cart_Test" name="TCM_001" time="41.215"/>
  <system-out/>
  <testcase classname="Tests.Cart_Test" name="TCM_002" time="107.989"/>
  <system-out/>
  <testcase classname="Tests.Cart_Test" name="TCM_002" time="108.646"/>
  <system-out/>
  <testcase classname="Tests.Cart_Test" name="TCM_002" time="114.614"/>
  <system-out/>
</testsuite> <!-- Tests.Cart_Test -->
